<?xml version="1.0" encoding="UTF-8"?>
<!-- Generated by org.testng.reporters.JUnitXMLReporter -->
<testsuite ignored="0" hostname="LAPTOP-52IM29O2" failures="0" tests="4" name="Default test" time="71.712" errors="0" timestamp="10 Jan 2021 19:44:09 GMT">
  <testcase classname="mavenextra.Facebookloginusingarray" name="login" time="1.809"/>
  <testcase classname="mavenextra.Facebookloginusingarray" name="login" time="0.306"/>
  <testcase classname="mavenextra.Facebookloginusingarray" name="login" time="3.408"/>
  <testcase classname="mavenextra.Facebookloginusingarray" name="login" time="0.412"/>
</testsuite> <!-- Default test -->
