<?xml version="1.0" encoding="UTF-8"?>
<!-- Generated by org.testng.reporters.JUnitXMLReporter -->
<testsuite ignored="0" hostname="LAPTOP-52IM29O2" failures="0" tests="3" name="Default test" time="40.08" errors="0" timestamp="24 Feb 2021 08:38:55 GMT">
  <testcase classname="mavengurubank.gurubankdeleteaccount" name="login" time="22.566"/>
  <testcase classname="mavengurubank.gurubankdeleteaccount" name="deleteaccount" time="10.43"/>
  <testcase classname="mavengurubank.gurubankdeleteaccount" name="logout" time="7.01"/>
</testsuite> <!-- Default test -->
