<?xml version="1.0" encoding="UTF-8"?>
<!-- Generated by org.testng.reporters.JUnitXMLReporter -->
<testsuite ignored="0" hostname="LAPTOP-52IM29O2" failures="0" tests="10" name="TestChrome" time="157.492" errors="0" timestamp="12 Jan 2021 20:57:36 GMT">
  <testcase classname="com.generics.actitime.Basetestcrossbrowseractitime" name="@BeforeClass openbrowser" time="0.445">
    <failure type="java.lang.NullPointerException" message="Cannot invoke &amp;quot;org.openqa.selenium.WebDriver.manage()&amp;quot; because &amp;quot;this.driver&amp;quot; is null">
      <![CDATA[java.lang.NullPointerException: Cannot invoke "org.openqa.selenium.WebDriver.manage()" because "this.driver" is null
at com.generics.actitime.Basetestcrossbrowseractitime.openbrowser(Basetestcrossbrowseractitime.java:42)
... Removed 26 stack frames]]>
    </failure>
  </testcase> <!-- @BeforeClass openbrowser -->
  <testcase classname="com.generics.actitime.Basetestcrossbrowseractitime" name="@BeforeMethod login" time="0.0">
    <skipped/>
  </testcase> <!-- @BeforeMethod login -->
  <testcase classname="com.generics.actitime.Basetestcrossbrowseractitime" name="@AfterMethod closebrowser" time="0.0">
    <skipped/>
  </testcase> <!-- @AfterMethod closebrowser -->
  <testcase classname="com.generics.actitime.Basetestcrossbrowseractitime" name="@AfterClass logout" time="0.0">
    <skipped/>
  </testcase> <!-- @AfterClass logout -->
  <testcase classname="com.generics.actitime.Basetestcrossbrowseractitime" name="@BeforeClass openbrowser" time="0.593">
    <failure type="java.lang.NullPointerException" message="Cannot invoke &amp;quot;org.openqa.selenium.WebDriver.manage()&amp;quot; because &amp;quot;this.driver&amp;quot; is null">
      <![CDATA[java.lang.NullPointerException: Cannot invoke "org.openqa.selenium.WebDriver.manage()" because "this.driver" is null
at com.generics.actitime.Basetestcrossbrowseractitime.openbrowser(Basetestcrossbrowseractitime.java:42)
... Removed 26 stack frames]]>
    </failure>
  </testcase> <!-- @BeforeClass openbrowser -->
  <testcase classname="com.generics.actitime.Basetestcrossbrowseractitime" name="@BeforeMethod login" time="0.0">
    <skipped/>
  </testcase> <!-- @BeforeMethod login -->
  <testcase classname="com.generics.actitime.Basetestcrossbrowseractitime" name="@AfterMethod closebrowser" time="0.0">
    <skipped/>
  </testcase> <!-- @AfterMethod closebrowser -->
  <testcase classname="com.generics.actitime.Basetestcrossbrowseractitime" name="@AfterClass logout" time="0.0">
    <skipped/>
  </testcase> <!-- @AfterClass logout -->
  <testcase classname="com.generics.actitime.Basetestcrossbrowseractitime" name="@BeforeClass openbrowser" time="0.37">
    <failure type="java.lang.NullPointerException" message="Cannot invoke &amp;quot;org.openqa.selenium.WebDriver.manage()&amp;quot; because &amp;quot;this.driver&amp;quot; is null">
      <![CDATA[java.lang.NullPointerException: Cannot invoke "org.openqa.selenium.WebDriver.manage()" because "this.driver" is null
at com.generics.actitime.Basetestcrossbrowseractitime.openbrowser(Basetestcrossbrowseractitime.java:42)
... Removed 26 stack frames]]>
    </failure>
  </testcase> <!-- @BeforeClass openbrowser -->
  <testcase classname="com.generics.actitime.Basetestcrossbrowseractitime" name="@BeforeMethod login" time="0.0">
    <skipped/>
  </testcase> <!-- @BeforeMethod login -->
  <testcase classname="com.generics.actitime.Basetestcrossbrowseractitime" name="@AfterMethod closebrowser" time="0.0">
    <skipped/>
  </testcase> <!-- @AfterMethod closebrowser -->
  <testcase classname="com.generics.actitime.Basetestcrossbrowseractitime" name="@AfterClass logout" time="0.0">
    <skipped/>
  </testcase> <!-- @AfterClass logout -->
  <testcase classname="com.generics.actitime.Basetestcrossbrowseractitime" name="@BeforeClass openbrowser" time="0.315">
    <failure type="java.lang.NullPointerException" message="Cannot invoke &amp;quot;org.openqa.selenium.WebDriver.manage()&amp;quot; because &amp;quot;this.driver&amp;quot; is null">
      <![CDATA[java.lang.NullPointerException: Cannot invoke "org.openqa.selenium.WebDriver.manage()" because "this.driver" is null
at com.generics.actitime.Basetestcrossbrowseractitime.openbrowser(Basetestcrossbrowseractitime.java:42)
... Removed 26 stack frames]]>
    </failure>
  </testcase> <!-- @BeforeClass openbrowser -->
  <testcase classname="com.generics.actitime.Basetestcrossbrowseractitime" name="@BeforeMethod login" time="0.0">
    <skipped/>
  </testcase> <!-- @BeforeMethod login -->
  <testcase classname="com.generics.actitime.Basetestcrossbrowseractitime" name="@AfterMethod closebrowser" time="0.0">
    <skipped/>
  </testcase> <!-- @AfterMethod closebrowser -->
  <testcase classname="com.generics.actitime.Basetestcrossbrowseractitime" name="@AfterClass logout" time="0.0">
    <skipped/>
  </testcase> <!-- @AfterClass logout -->
  <testcase classname="com.generics.actitime.Basetestcrossbrowseractitime" name="@BeforeClass openbrowser" time="0.363">
    <failure type="java.lang.NullPointerException" message="Cannot invoke &amp;quot;org.openqa.selenium.WebDriver.manage()&amp;quot; because &amp;quot;this.driver&amp;quot; is null">
      <![CDATA[java.lang.NullPointerException: Cannot invoke "org.openqa.selenium.WebDriver.manage()" because "this.driver" is null
at com.generics.actitime.Basetestcrossbrowseractitime.openbrowser(Basetestcrossbrowseractitime.java:42)
... Removed 26 stack frames]]>
    </failure>
  </testcase> <!-- @BeforeClass openbrowser -->
  <testcase classname="com.generics.actitime.Basetestcrossbrowseractitime" name="@BeforeMethod login" time="0.0">
    <skipped/>
  </testcase> <!-- @BeforeMethod login -->
  <testcase classname="com.generics.actitime.Basetestcrossbrowseractitime" name="@AfterMethod closebrowser" time="0.0">
    <skipped/>
  </testcase> <!-- @AfterMethod closebrowser -->
  <testcase classname="com.generics.actitime.Basetestcrossbrowseractitime" name="@AfterClass logout" time="0.0">
    <skipped/>
  </testcase> <!-- @AfterClass logout -->
  <testcase classname="com.generics.actitime.Basetestcrossbrowseractitime" name="@BeforeClass openbrowser" time="0.353">
    <failure type="java.lang.NullPointerException" message="Cannot invoke &amp;quot;org.openqa.selenium.WebDriver.manage()&amp;quot; because &amp;quot;this.driver&amp;quot; is null">
      <![CDATA[java.lang.NullPointerException: Cannot invoke "org.openqa.selenium.WebDriver.manage()" because "this.driver" is null
at com.generics.actitime.Basetestcrossbrowseractitime.openbrowser(Basetestcrossbrowseractitime.java:42)
... Removed 26 stack frames]]>
    </failure>
  </testcase> <!-- @BeforeClass openbrowser -->
  <testcase classname="com.generics.actitime.Basetestcrossbrowseractitime" name="@BeforeMethod login" time="0.0">
    <skipped/>
  </testcase> <!-- @BeforeMethod login -->
  <testcase classname="com.generics.actitime.Basetestcrossbrowseractitime" name="@AfterMethod closebrowser" time="0.0">
    <skipped/>
  </testcase> <!-- @AfterMethod closebrowser -->
  <testcase classname="com.generics.actitime.Basetestcrossbrowseractitime" name="@AfterClass logout" time="0.0">
    <skipped/>
  </testcase> <!-- @AfterClass logout -->
  <testcase classname="com.generics.actitime.Basetestcrossbrowseractitime" name="@BeforeClass openbrowser" time="0.313">
    <failure type="java.lang.NullPointerException" message="Cannot invoke &amp;quot;org.openqa.selenium.WebDriver.manage()&amp;quot; because &amp;quot;this.driver&amp;quot; is null">
      <![CDATA[java.lang.NullPointerException: Cannot invoke "org.openqa.selenium.WebDriver.manage()" because "this.driver" is null
at com.generics.actitime.Basetestcrossbrowseractitime.openbrowser(Basetestcrossbrowseractitime.java:42)
... Removed 26 stack frames]]>
    </failure>
  </testcase> <!-- @BeforeClass openbrowser -->
  <testcase classname="com.generics.actitime.Basetestcrossbrowseractitime" name="@BeforeMethod login" time="0.0">
    <skipped/>
  </testcase> <!-- @BeforeMethod login -->
  <testcase classname="com.generics.actitime.Basetestcrossbrowseractitime" name="@AfterMethod closebrowser" time="0.0">
    <skipped/>
  </testcase> <!-- @AfterMethod closebrowser -->
  <testcase classname="com.generics.actitime.Basetestcrossbrowseractitime" name="@AfterClass logout" time="0.0">
    <skipped/>
  </testcase> <!-- @AfterClass logout -->
  <testcase classname="com.script.yahoo.Testyahoosignup" name="yahoologin" time="27.846"/>
  <testcase classname="com.scripts.irctc.Testirctcsignup" name="irctclogin" time="30.03"/>
  <testcase classname="com.scripts.facebook.Testfacebooksignup" name="signup" time="3.694"/>
  <testcase classname="com.scripts.actitime.Actitimedeletecustomer" name="deletecustomer" time="0.0">
    <skipped/>
  </testcase> <!-- deletecustomer -->
  <testcase classname="com.scripts.actitime.Actitimedeleteleavetype" name="deleteleavetype" time="0.0">
    <skipped/>
  </testcase> <!-- deleteleavetype -->
  <testcase classname="com.scripts.actitime.Actitimecreateleavetype" name="createleavetype" time="0.0">
    <skipped/>
  </testcase> <!-- createleavetype -->
  <testcase classname="com.scripts.actitime.Actitimecreatecustomer" name="createcustomer" time="0.0">
    <skipped/>
  </testcase> <!-- createcustomer -->
  <testcase classname="com.scripts.actitime.Actitimedeletework" name="deletework" time="0.0">
    <skipped/>
  </testcase> <!-- deletework -->
  <testcase classname="com.scripts.actitime.Actitimecreatework" name="creatework" time="0.0">
    <skipped/>
  </testcase> <!-- creatework -->
  <testcase classname="com.scripts.actitime.Actitimeloginlogout" name="loginlogout" time="0.0">
    <skipped/>
  </testcase> <!-- loginlogout -->
</testsuite> <!-- TestChrome -->
