<?xml version="1.0" encoding="UTF-8"?>
<testng-results ignored="0" total="3" passed="3" failed="0" skipped="0">
  <reporter-output>
  </reporter-output>
  <suite started-at="2021-02-24T08:38:15Z" name="Default suite" finished-at="2021-02-24T08:38:55Z" duration-ms="40080">
    <groups>
    </groups>
    <test started-at="2021-02-24T08:38:15Z" name="Default test" finished-at="2021-02-24T08:38:55Z" duration-ms="40080">
      <class name="mavengurubank.gurubankdeleteaccount">
        <test-method signature="login()[pri:0, instance:mavengurubank.gurubankdeleteaccount@4386f16]" started-at="2021-02-24T08:38:15Z" name="login" finished-at="2021-02-24T08:38:37Z" duration-ms="22566" status="PASS">
          <reporter-output>
          </reporter-output>
        </test-method> <!-- login -->
        <test-method signature="deleteaccount()[pri:0, instance:mavengurubank.gurubankdeleteaccount@4386f16]" started-at="2021-02-24T08:38:37Z" name="deleteaccount" finished-at="2021-02-24T08:38:48Z" depends-on-methods="mavengurubank.gurubankdeleteaccount.login" duration-ms="10430" status="PASS">
          <reporter-output>
          </reporter-output>
        </test-method> <!-- deleteaccount -->
        <test-method signature="logout()[pri:0, instance:mavengurubank.gurubankdeleteaccount@4386f16]" started-at="2021-02-24T08:38:48Z" name="logout" finished-at="2021-02-24T08:38:55Z" depends-on-methods="mavengurubank.gurubankdeleteaccount.login" duration-ms="7010" status="PASS">
          <reporter-output>
          </reporter-output>
        </test-method> <!-- logout -->
      </class> <!-- mavengurubank.gurubankdeleteaccount -->
    </test> <!-- Default test -->
  </suite> <!-- Default suite -->
</testng-results>
