<?xml version="1.0" encoding="UTF-8"?>
<testng-results ignored="0" total="4" passed="4" failed="0" skipped="0">
  <reporter-output>
  </reporter-output>
  <suite started-at="2021-01-10T19:42:57Z" name="Default suite" finished-at="2021-01-10T19:44:09Z" duration-ms="71712">
    <groups>
    </groups>
    <test started-at="2021-01-10T19:42:57Z" name="Default test" finished-at="2021-01-10T19:44:09Z" duration-ms="71712">
      <class name="mavenextra.Facebookloginusingarray">
        <test-method is-config="true" signature="openbrowser()[pri:0, instance:mavenextra.Facebookloginusingarray@76908cc0]" started-at="2021-01-10T19:42:57Z" name="openbrowser" finished-at="2021-01-10T19:43:16Z" duration-ms="18951" status="PASS">
          <reporter-output>
          </reporter-output>
        </test-method> <!-- openbrowser -->
        <test-method signature="login(java.lang.String, java.lang.String)[pri:0, instance:mavenextra.Facebookloginusingarray@76908cc0]" started-at="2021-01-10T19:43:16Z" name="login" data-provider="Login" finished-at="2021-01-10T19:43:18Z" duration-ms="1809" status="PASS">
          <params>
            <param index="0">
              <value>
                <![CDATA[abcd]]>
              </value>
            </param>
            <param index="1">
              <value>
                <![CDATA[efgh]]>
              </value>
            </param>
          </params>
          <reporter-output>
          </reporter-output>
        </test-method> <!-- login -->
        <test-method is-config="true" signature="closebrowser()[pri:0, instance:mavenextra.Facebookloginusingarray@76908cc0]" started-at="2021-01-10T19:43:18Z" name="closebrowser" finished-at="2021-01-10T19:43:19Z" duration-ms="1236" status="PASS">
          <reporter-output>
          </reporter-output>
        </test-method> <!-- closebrowser -->
        <test-method is-config="true" signature="openbrowser()[pri:0, instance:mavenextra.Facebookloginusingarray@76908cc0]" started-at="2021-01-10T19:43:19Z" name="openbrowser" finished-at="2021-01-10T19:43:32Z" duration-ms="12525" status="PASS">
          <reporter-output>
          </reporter-output>
        </test-method> <!-- openbrowser -->
        <test-method signature="login(java.lang.String, java.lang.String)[pri:0, instance:mavenextra.Facebookloginusingarray@76908cc0]" started-at="2021-01-10T19:43:32Z" name="login" data-provider="Login" finished-at="2021-01-10T19:43:32Z" duration-ms="306" status="PASS">
          <params>
            <param index="0">
              <value>
                <![CDATA[abc]]>
              </value>
            </param>
            <param index="1">
              <value>
                <![CDATA[efg]]>
              </value>
            </param>
          </params>
          <reporter-output>
          </reporter-output>
        </test-method> <!-- login -->
        <test-method is-config="true" signature="closebrowser()[pri:0, instance:mavenextra.Facebookloginusingarray@76908cc0]" started-at="2021-01-10T19:43:32Z" name="closebrowser" finished-at="2021-01-10T19:43:33Z" duration-ms="1145" status="PASS">
          <reporter-output>
          </reporter-output>
        </test-method> <!-- closebrowser -->
        <test-method is-config="true" signature="openbrowser()[pri:0, instance:mavenextra.Facebookloginusingarray@76908cc0]" started-at="2021-01-10T19:43:33Z" name="openbrowser" finished-at="2021-01-10T19:43:46Z" duration-ms="13022" status="PASS">
          <reporter-output>
          </reporter-output>
        </test-method> <!-- openbrowser -->
        <test-method signature="login(java.lang.String, java.lang.String)[pri:0, instance:mavenextra.Facebookloginusingarray@76908cc0]" started-at="2021-01-10T19:43:46Z" name="login" data-provider="Login" finished-at="2021-01-10T19:43:50Z" duration-ms="3408" status="PASS">
          <params>
            <param index="0">
              <value>
                <![CDATA[abcde]]>
              </value>
            </param>
            <param index="1">
              <value>
                <![CDATA[efghi]]>
              </value>
            </param>
          </params>
          <reporter-output>
          </reporter-output>
        </test-method> <!-- login -->
        <test-method is-config="true" signature="closebrowser()[pri:0, instance:mavenextra.Facebookloginusingarray@76908cc0]" started-at="2021-01-10T19:43:50Z" name="closebrowser" finished-at="2021-01-10T19:43:53Z" duration-ms="3835" status="PASS">
          <reporter-output>
          </reporter-output>
        </test-method> <!-- closebrowser -->
        <test-method is-config="true" signature="openbrowser()[pri:0, instance:mavenextra.Facebookloginusingarray@76908cc0]" started-at="2021-01-10T19:43:53Z" name="openbrowser" finished-at="2021-01-10T19:44:07Z" duration-ms="14018" status="PASS">
          <reporter-output>
          </reporter-output>
        </test-method> <!-- openbrowser -->
        <test-method signature="login(java.lang.String, java.lang.String)[pri:0, instance:mavenextra.Facebookloginusingarray@76908cc0]" started-at="2021-01-10T19:44:07Z" name="login" data-provider="Login" finished-at="2021-01-10T19:44:08Z" duration-ms="412" status="PASS">
          <params>
            <param index="0">
              <value>
                <![CDATA[shraeyak1993@gmail.com]]>
              </value>
            </param>
            <param index="1">
              <value>
                <![CDATA[xyz]]>
              </value>
            </param>
          </params>
          <reporter-output>
          </reporter-output>
        </test-method> <!-- login -->
        <test-method is-config="true" signature="closebrowser()[pri:0, instance:mavenextra.Facebookloginusingarray@76908cc0]" started-at="2021-01-10T19:44:08Z" name="closebrowser" finished-at="2021-01-10T19:44:09Z" duration-ms="979" status="PASS">
          <reporter-output>
          </reporter-output>
        </test-method> <!-- closebrowser -->
      </class> <!-- mavenextra.Facebookloginusingarray -->
    </test> <!-- Default test -->
  </suite> <!-- Default suite -->
</testng-results>
